
*** Running vivado
    with args -log sd3_1_B.vds -m64 -product Vivado -mode batch -messageDb vivado.pb -notrace -source sd3_1_B.tcl


****** Vivado v2017.4 (64-bit)
  **** SW Build 2086221 on Fri Dec 15 20:54:30 MST 2017
  **** IP Build 2085800 on Fri Dec 15 22:25:07 MST 2017
    ** Copyright 1986-2017 Xilinx, Inc. All Rights Reserved.

source sd3_1_B.tcl -notrace
Command: synth_design -top sd3_1_B -part xc7a100tcsg324-1
Starting synth_design
Attempting to get a license for feature 'Synthesis' and/or device 'xc7a100t'
INFO: [Common 17-349] Got license for feature 'Synthesis' and/or device 'xc7a100t'
INFO: Launching helper process for spawning children vivado processes
INFO: Helper process launched with PID 19682 
---------------------------------------------------------------------------------
Starting RTL Elaboration : Time (s): cpu = 00:00:10 ; elapsed = 00:00:11 . Memory (MB): peak = 1250.730 ; gain = 73.996 ; free physical = 125 ; free virtual = 6233
---------------------------------------------------------------------------------
INFO: [Synth 8-638] synthesizing module 'sd3_1_B' [/home/shmilybelon/Desktop/digital_logic/exp3_4/sd3_1_B/sd3_1_B.srcs/sources_1/new/sd3_1_B.v:23]
INFO: [Synth 8-638] synthesizing module 'T1' [/home/shmilybelon/Desktop/digital_logic/exp3_4/sd3_1_B/sd3_1_B.srcs/sources_1/new/T.v:23]
INFO: [Synth 8-256] done synthesizing module 'T1' (1#1) [/home/shmilybelon/Desktop/digital_logic/exp3_4/sd3_1_B/sd3_1_B.srcs/sources_1/new/T.v:23]
INFO: [Synth 8-256] done synthesizing module 'sd3_1_B' (2#1) [/home/shmilybelon/Desktop/digital_logic/exp3_4/sd3_1_B/sd3_1_B.srcs/sources_1/new/sd3_1_B.v:23]
---------------------------------------------------------------------------------
Finished RTL Elaboration : Time (s): cpu = 00:00:11 ; elapsed = 00:00:13 . Memory (MB): peak = 1292.262 ; gain = 115.527 ; free physical = 189 ; free virtual = 6247
---------------------------------------------------------------------------------

Report Check Netlist: 
+------+------------------+-------+---------+-------+------------------+
|      |Item              |Errors |Warnings |Status |Description       |
+------+------------------+-------+---------+-------+------------------+
|1     |multi_driven_nets |      0|        0|Passed |Multi driven nets |
+------+------------------+-------+---------+-------+------------------+
---------------------------------------------------------------------------------
Finished RTL Optimization Phase 1 : Time (s): cpu = 00:00:11 ; elapsed = 00:00:13 . Memory (MB): peak = 1292.262 ; gain = 115.527 ; free physical = 189 ; free virtual = 6246
---------------------------------------------------------------------------------
INFO: [Device 21-403] Loading part xc7a100tcsg324-1
INFO: [Project 1-570] Preparing netlist for logic optimization

Processing XDC Constraints
Initializing timing engine
Parsing XDC File [/home/shmilybelon/Desktop/digital_logic/exp3_4/sd3_1_B/sd3_1_B.srcs/constrs_1/new/sd3_1_B_constr.xdc]
CRITICAL WARNING: [Designutils 20-1307] Command 'Bank' is not supported in the xdc constraint file. [/home/shmilybelon/Desktop/digital_logic/exp3_4/sd3_1_B/sd3_1_B.srcs/constrs_1/new/sd3_1_B_constr.xdc:19]
WARNING: [Vivado 12-584] No ports matched 'sw[2]'. [/home/shmilybelon/Desktop/digital_logic/exp3_4/sd3_1_B/sd3_1_B.srcs/constrs_1/new/sd3_1_B_constr.xdc:23]
CRITICAL WARNING: [Common 17-55] 'set_property' expects at least one object. [/home/shmilybelon/Desktop/digital_logic/exp3_4/sd3_1_B/sd3_1_B.srcs/constrs_1/new/sd3_1_B_constr.xdc:23]
Resolution: If [get_<value>] was used to populate the object, check to make sure this command returns at least one valid object.
WARNING: [Vivado 12-584] No ports matched 'sw[2]'. [/home/shmilybelon/Desktop/digital_logic/exp3_4/sd3_1_B/sd3_1_B.srcs/constrs_1/new/sd3_1_B_constr.xdc:24]
CRITICAL WARNING: [Common 17-55] 'set_property' expects at least one object. [/home/shmilybelon/Desktop/digital_logic/exp3_4/sd3_1_B/sd3_1_B.srcs/constrs_1/new/sd3_1_B_constr.xdc:24]
Resolution: If [get_<value>] was used to populate the object, check to make sure this command returns at least one valid object.
WARNING: [Vivado 12-584] No ports matched 'sw[3]'. [/home/shmilybelon/Desktop/digital_logic/exp3_4/sd3_1_B/sd3_1_B.srcs/constrs_1/new/sd3_1_B_constr.xdc:26]
CRITICAL WARNING: [Common 17-55] 'set_property' expects at least one object. [/home/shmilybelon/Desktop/digital_logic/exp3_4/sd3_1_B/sd3_1_B.srcs/constrs_1/new/sd3_1_B_constr.xdc:26]
Resolution: If [get_<value>] was used to populate the object, check to make sure this command returns at least one valid object.
WARNING: [Vivado 12-584] No ports matched 'sw[3]'. [/home/shmilybelon/Desktop/digital_logic/exp3_4/sd3_1_B/sd3_1_B.srcs/constrs_1/new/sd3_1_B_constr.xdc:27]
CRITICAL WARNING: [Common 17-55] 'set_property' expects at least one object. [/home/shmilybelon/Desktop/digital_logic/exp3_4/sd3_1_B/sd3_1_B.srcs/constrs_1/new/sd3_1_B_constr.xdc:27]
Resolution: If [get_<value>] was used to populate the object, check to make sure this command returns at least one valid object.
WARNING: [Vivado 12-584] No ports matched 'sw[4]'. [/home/shmilybelon/Desktop/digital_logic/exp3_4/sd3_1_B/sd3_1_B.srcs/constrs_1/new/sd3_1_B_constr.xdc:29]
CRITICAL WARNING: [Common 17-55] 'set_property' expects at least one object. [/home/shmilybelon/Desktop/digital_logic/exp3_4/sd3_1_B/sd3_1_B.srcs/constrs_1/new/sd3_1_B_constr.xdc:29]
Resolution: If [get_<value>] was used to populate the object, check to make sure this command returns at least one valid object.
WARNING: [Vivado 12-584] No ports matched 'sw[4]'. [/home/shmilybelon/Desktop/digital_logic/exp3_4/sd3_1_B/sd3_1_B.srcs/constrs_1/new/sd3_1_B_constr.xdc:30]
CRITICAL WARNING: [Common 17-55] 'set_property' expects at least one object. [/home/shmilybelon/Desktop/digital_logic/exp3_4/sd3_1_B/sd3_1_B.srcs/constrs_1/new/sd3_1_B_constr.xdc:30]
Resolution: If [get_<value>] was used to populate the object, check to make sure this command returns at least one valid object.
WARNING: [Vivado 12-584] No ports matched 'sw[5]'. [/home/shmilybelon/Desktop/digital_logic/exp3_4/sd3_1_B/sd3_1_B.srcs/constrs_1/new/sd3_1_B_constr.xdc:32]
CRITICAL WARNING: [Common 17-55] 'set_property' expects at least one object. [/home/shmilybelon/Desktop/digital_logic/exp3_4/sd3_1_B/sd3_1_B.srcs/constrs_1/new/sd3_1_B_constr.xdc:32]
Resolution: If [get_<value>] was used to populate the object, check to make sure this command returns at least one valid object.
WARNING: [Vivado 12-584] No ports matched 'sw[5]'. [/home/shmilybelon/Desktop/digital_logic/exp3_4/sd3_1_B/sd3_1_B.srcs/constrs_1/new/sd3_1_B_constr.xdc:33]
CRITICAL WARNING: [Common 17-55] 'set_property' expects at least one object. [/home/shmilybelon/Desktop/digital_logic/exp3_4/sd3_1_B/sd3_1_B.srcs/constrs_1/new/sd3_1_B_constr.xdc:33]
Resolution: If [get_<value>] was used to populate the object, check to make sure this command returns at least one valid object.
WARNING: [Vivado 12-584] No ports matched 'sw[6]'. [/home/shmilybelon/Desktop/digital_logic/exp3_4/sd3_1_B/sd3_1_B.srcs/constrs_1/new/sd3_1_B_constr.xdc:35]
CRITICAL WARNING: [Common 17-55] 'set_property' expects at least one object. [/home/shmilybelon/Desktop/digital_logic/exp3_4/sd3_1_B/sd3_1_B.srcs/constrs_1/new/sd3_1_B_constr.xdc:35]
Resolution: If [get_<value>] was used to populate the object, check to make sure this command returns at least one valid object.
WARNING: [Vivado 12-584] No ports matched 'sw[6]'. [/home/shmilybelon/Desktop/digital_logic/exp3_4/sd3_1_B/sd3_1_B.srcs/constrs_1/new/sd3_1_B_constr.xdc:36]
CRITICAL WARNING: [Common 17-55] 'set_property' expects at least one object. [/home/shmilybelon/Desktop/digital_logic/exp3_4/sd3_1_B/sd3_1_B.srcs/constrs_1/new/sd3_1_B_constr.xdc:36]
Resolution: If [get_<value>] was used to populate the object, check to make sure this command returns at least one valid object.
WARNING: [Vivado 12-584] No ports matched 'sw[7]'. [/home/shmilybelon/Desktop/digital_logic/exp3_4/sd3_1_B/sd3_1_B.srcs/constrs_1/new/sd3_1_B_constr.xdc:38]
CRITICAL WARNING: [Common 17-55] 'set_property' expects at least one object. [/home/shmilybelon/Desktop/digital_logic/exp3_4/sd3_1_B/sd3_1_B.srcs/constrs_1/new/sd3_1_B_constr.xdc:38]
Resolution: If [get_<value>] was used to populate the object, check to make sure this command returns at least one valid object.
WARNING: [Vivado 12-584] No ports matched 'sw[7]'. [/home/shmilybelon/Desktop/digital_logic/exp3_4/sd3_1_B/sd3_1_B.srcs/constrs_1/new/sd3_1_B_constr.xdc:39]
CRITICAL WARNING: [Common 17-55] 'set_property' expects at least one object. [/home/shmilybelon/Desktop/digital_logic/exp3_4/sd3_1_B/sd3_1_B.srcs/constrs_1/new/sd3_1_B_constr.xdc:39]
Resolution: If [get_<value>] was used to populate the object, check to make sure this command returns at least one valid object.
WARNING: [Vivado 12-584] No ports matched 'sw[8]'. [/home/shmilybelon/Desktop/digital_logic/exp3_4/sd3_1_B/sd3_1_B.srcs/constrs_1/new/sd3_1_B_constr.xdc:41]
CRITICAL WARNING: [Common 17-55] 'set_property' expects at least one object. [/home/shmilybelon/Desktop/digital_logic/exp3_4/sd3_1_B/sd3_1_B.srcs/constrs_1/new/sd3_1_B_constr.xdc:41]
Resolution: If [get_<value>] was used to populate the object, check to make sure this command returns at least one valid object.
WARNING: [Vivado 12-584] No ports matched 'sw[8]'. [/home/shmilybelon/Desktop/digital_logic/exp3_4/sd3_1_B/sd3_1_B.srcs/constrs_1/new/sd3_1_B_constr.xdc:42]
CRITICAL WARNING: [Common 17-55] 'set_property' expects at least one object. [/home/shmilybelon/Desktop/digital_logic/exp3_4/sd3_1_B/sd3_1_B.srcs/constrs_1/new/sd3_1_B_constr.xdc:42]
Resolution: If [get_<value>] was used to populate the object, check to make sure this command returns at least one valid object.
WARNING: [Vivado 12-584] No ports matched 'sw[9]'. [/home/shmilybelon/Desktop/digital_logic/exp3_4/sd3_1_B/sd3_1_B.srcs/constrs_1/new/sd3_1_B_constr.xdc:44]
CRITICAL WARNING: [Common 17-55] 'set_property' expects at least one object. [/home/shmilybelon/Desktop/digital_logic/exp3_4/sd3_1_B/sd3_1_B.srcs/constrs_1/new/sd3_1_B_constr.xdc:44]
Resolution: If [get_<value>] was used to populate the object, check to make sure this command returns at least one valid object.
WARNING: [Vivado 12-584] No ports matched 'sw[9]'. [/home/shmilybelon/Desktop/digital_logic/exp3_4/sd3_1_B/sd3_1_B.srcs/constrs_1/new/sd3_1_B_constr.xdc:45]
CRITICAL WARNING: [Common 17-55] 'set_property' expects at least one object. [/home/shmilybelon/Desktop/digital_logic/exp3_4/sd3_1_B/sd3_1_B.srcs/constrs_1/new/sd3_1_B_constr.xdc:45]
Resolution: If [get_<value>] was used to populate the object, check to make sure this command returns at least one valid object.
WARNING: [Vivado 12-584] No ports matched 'sw[10]'. [/home/shmilybelon/Desktop/digital_logic/exp3_4/sd3_1_B/sd3_1_B.srcs/constrs_1/new/sd3_1_B_constr.xdc:47]
CRITICAL WARNING: [Common 17-55] 'set_property' expects at least one object. [/home/shmilybelon/Desktop/digital_logic/exp3_4/sd3_1_B/sd3_1_B.srcs/constrs_1/new/sd3_1_B_constr.xdc:47]
Resolution: If [get_<value>] was used to populate the object, check to make sure this command returns at least one valid object.
WARNING: [Vivado 12-584] No ports matched 'sw[10]'. [/home/shmilybelon/Desktop/digital_logic/exp3_4/sd3_1_B/sd3_1_B.srcs/constrs_1/new/sd3_1_B_constr.xdc:48]
CRITICAL WARNING: [Common 17-55] 'set_property' expects at least one object. [/home/shmilybelon/Desktop/digital_logic/exp3_4/sd3_1_B/sd3_1_B.srcs/constrs_1/new/sd3_1_B_constr.xdc:48]
Resolution: If [get_<value>] was used to populate the object, check to make sure this command returns at least one valid object.
WARNING: [Vivado 12-584] No ports matched 'sw[11]'. [/home/shmilybelon/Desktop/digital_logic/exp3_4/sd3_1_B/sd3_1_B.srcs/constrs_1/new/sd3_1_B_constr.xdc:50]
CRITICAL WARNING: [Common 17-55] 'set_property' expects at least one object. [/home/shmilybelon/Desktop/digital_logic/exp3_4/sd3_1_B/sd3_1_B.srcs/constrs_1/new/sd3_1_B_constr.xdc:50]
Resolution: If [get_<value>] was used to populate the object, check to make sure this command returns at least one valid object.
WARNING: [Vivado 12-584] No ports matched 'sw[11]'. [/home/shmilybelon/Desktop/digital_logic/exp3_4/sd3_1_B/sd3_1_B.srcs/constrs_1/new/sd3_1_B_constr.xdc:51]
CRITICAL WARNING: [Common 17-55] 'set_property' expects at least one object. [/home/shmilybelon/Desktop/digital_logic/exp3_4/sd3_1_B/sd3_1_B.srcs/constrs_1/new/sd3_1_B_constr.xdc:51]
Resolution: If [get_<value>] was used to populate the object, check to make sure this command returns at least one valid object.
WARNING: [Vivado 12-584] No ports matched 'sw[12]'. [/home/shmilybelon/Desktop/digital_logic/exp3_4/sd3_1_B/sd3_1_B.srcs/constrs_1/new/sd3_1_B_constr.xdc:53]
CRITICAL WARNING: [Common 17-55] 'set_property' expects at least one object. [/home/shmilybelon/Desktop/digital_logic/exp3_4/sd3_1_B/sd3_1_B.srcs/constrs_1/new/sd3_1_B_constr.xdc:53]
Resolution: If [get_<value>] was used to populate the object, check to make sure this command returns at least one valid object.
WARNING: [Vivado 12-584] No ports matched 'sw[12]'. [/home/shmilybelon/Desktop/digital_logic/exp3_4/sd3_1_B/sd3_1_B.srcs/constrs_1/new/sd3_1_B_constr.xdc:54]
CRITICAL WARNING: [Common 17-55] 'set_property' expects at least one object. [/home/shmilybelon/Desktop/digital_logic/exp3_4/sd3_1_B/sd3_1_B.srcs/constrs_1/new/sd3_1_B_constr.xdc:54]
Resolution: If [get_<value>] was used to populate the object, check to make sure this command returns at least one valid object.
WARNING: [Vivado 12-584] No ports matched 'sw[13]'. [/home/shmilybelon/Desktop/digital_logic/exp3_4/sd3_1_B/sd3_1_B.srcs/constrs_1/new/sd3_1_B_constr.xdc:56]
CRITICAL WARNING: [Common 17-55] 'set_property' expects at least one object. [/home/shmilybelon/Desktop/digital_logic/exp3_4/sd3_1_B/sd3_1_B.srcs/constrs_1/new/sd3_1_B_constr.xdc:56]
Resolution: If [get_<value>] was used to populate the object, check to make sure this command returns at least one valid object.
WARNING: [Vivado 12-584] No ports matched 'sw[13]'. [/home/shmilybelon/Desktop/digital_logic/exp3_4/sd3_1_B/sd3_1_B.srcs/constrs_1/new/sd3_1_B_constr.xdc:57]
CRITICAL WARNING: [Common 17-55] 'set_property' expects at least one object. [/home/shmilybelon/Desktop/digital_logic/exp3_4/sd3_1_B/sd3_1_B.srcs/constrs_1/new/sd3_1_B_constr.xdc:57]
Resolution: If [get_<value>] was used to populate the object, check to make sure this command returns at least one valid object.
WARNING: [Vivado 12-584] No ports matched 'sw[14]'. [/home/shmilybelon/Desktop/digital_logic/exp3_4/sd3_1_B/sd3_1_B.srcs/constrs_1/new/sd3_1_B_constr.xdc:59]
CRITICAL WARNING: [Common 17-55] 'set_property' expects at least one object. [/home/shmilybelon/Desktop/digital_logic/exp3_4/sd3_1_B/sd3_1_B.srcs/constrs_1/new/sd3_1_B_constr.xdc:59]
Resolution: If [get_<value>] was used to populate the object, check to make sure this command returns at least one valid object.
WARNING: [Vivado 12-584] No ports matched 'sw[14]'. [/home/shmilybelon/Desktop/digital_logic/exp3_4/sd3_1_B/sd3_1_B.srcs/constrs_1/new/sd3_1_B_constr.xdc:60]
CRITICAL WARNING: [Common 17-55] 'set_property' expects at least one object. [/home/shmilybelon/Desktop/digital_logic/exp3_4/sd3_1_B/sd3_1_B.srcs/constrs_1/new/sd3_1_B_constr.xdc:60]
Resolution: If [get_<value>] was used to populate the object, check to make sure this command returns at least one valid object.
WARNING: [Vivado 12-584] No ports matched 'sw[15]'. [/home/shmilybelon/Desktop/digital_logic/exp3_4/sd3_1_B/sd3_1_B.srcs/constrs_1/new/sd3_1_B_constr.xdc:62]
CRITICAL WARNING: [Common 17-55] 'set_property' expects at least one object. [/home/shmilybelon/Desktop/digital_logic/exp3_4/sd3_1_B/sd3_1_B.srcs/constrs_1/new/sd3_1_B_constr.xdc:62]
Resolution: If [get_<value>] was used to populate the object, check to make sure this command returns at least one valid object.
WARNING: [Vivado 12-584] No ports matched 'sw[15]'. [/home/shmilybelon/Desktop/digital_logic/exp3_4/sd3_1_B/sd3_1_B.srcs/constrs_1/new/sd3_1_B_constr.xdc:63]
CRITICAL WARNING: [Common 17-55] 'set_property' expects at least one object. [/home/shmilybelon/Desktop/digital_logic/exp3_4/sd3_1_B/sd3_1_B.srcs/constrs_1/new/sd3_1_B_constr.xdc:63]
Resolution: If [get_<value>] was used to populate the object, check to make sure this command returns at least one valid object.
WARNING: [Vivado 12-584] No ports matched 'led[0]'. [/home/shmilybelon/Desktop/digital_logic/exp3_4/sd3_1_B/sd3_1_B.srcs/constrs_1/new/sd3_1_B_constr.xdc:69]
CRITICAL WARNING: [Common 17-55] 'set_property' expects at least one object. [/home/shmilybelon/Desktop/digital_logic/exp3_4/sd3_1_B/sd3_1_B.srcs/constrs_1/new/sd3_1_B_constr.xdc:69]
Resolution: If [get_<value>] was used to populate the object, check to make sure this command returns at least one valid object.
WARNING: [Vivado 12-584] No ports matched 'led[0]'. [/home/shmilybelon/Desktop/digital_logic/exp3_4/sd3_1_B/sd3_1_B.srcs/constrs_1/new/sd3_1_B_constr.xdc:70]
CRITICAL WARNING: [Common 17-55] 'set_property' expects at least one object. [/home/shmilybelon/Desktop/digital_logic/exp3_4/sd3_1_B/sd3_1_B.srcs/constrs_1/new/sd3_1_B_constr.xdc:70]
Resolution: If [get_<value>] was used to populate the object, check to make sure this command returns at least one valid object.
WARNING: [Vivado 12-584] No ports matched 'led[1]'. [/home/shmilybelon/Desktop/digital_logic/exp3_4/sd3_1_B/sd3_1_B.srcs/constrs_1/new/sd3_1_B_constr.xdc:72]
CRITICAL WARNING: [Common 17-55] 'set_property' expects at least one object. [/home/shmilybelon/Desktop/digital_logic/exp3_4/sd3_1_B/sd3_1_B.srcs/constrs_1/new/sd3_1_B_constr.xdc:72]
Resolution: If [get_<value>] was used to populate the object, check to make sure this command returns at least one valid object.
WARNING: [Vivado 12-584] No ports matched 'led[1]'. [/home/shmilybelon/Desktop/digital_logic/exp3_4/sd3_1_B/sd3_1_B.srcs/constrs_1/new/sd3_1_B_constr.xdc:73]
CRITICAL WARNING: [Common 17-55] 'set_property' expects at least one object. [/home/shmilybelon/Desktop/digital_logic/exp3_4/sd3_1_B/sd3_1_B.srcs/constrs_1/new/sd3_1_B_constr.xdc:73]
Resolution: If [get_<value>] was used to populate the object, check to make sure this command returns at least one valid object.
WARNING: [Vivado 12-584] No ports matched 'led[2]'. [/home/shmilybelon/Desktop/digital_logic/exp3_4/sd3_1_B/sd3_1_B.srcs/constrs_1/new/sd3_1_B_constr.xdc:75]
CRITICAL WARNING: [Common 17-55] 'set_property' expects at least one object. [/home/shmilybelon/Desktop/digital_logic/exp3_4/sd3_1_B/sd3_1_B.srcs/constrs_1/new/sd3_1_B_constr.xdc:75]
Resolution: If [get_<value>] was used to populate the object, check to make sure this command returns at least one valid object.
WARNING: [Vivado 12-584] No ports matched 'led[2]'. [/home/shmilybelon/Desktop/digital_logic/exp3_4/sd3_1_B/sd3_1_B.srcs/constrs_1/new/sd3_1_B_constr.xdc:76]
CRITICAL WARNING: [Common 17-55] 'set_property' expects at least one object. [/home/shmilybelon/Desktop/digital_logic/exp3_4/sd3_1_B/sd3_1_B.srcs/constrs_1/new/sd3_1_B_constr.xdc:76]
Resolution: If [get_<value>] was used to populate the object, check to make sure this command returns at least one valid object.
WARNING: [Vivado 12-584] No ports matched 'led[3]'. [/home/shmilybelon/Desktop/digital_logic/exp3_4/sd3_1_B/sd3_1_B.srcs/constrs_1/new/sd3_1_B_constr.xdc:78]
CRITICAL WARNING: [Common 17-55] 'set_property' expects at least one object. [/home/shmilybelon/Desktop/digital_logic/exp3_4/sd3_1_B/sd3_1_B.srcs/constrs_1/new/sd3_1_B_constr.xdc:78]
Resolution: If [get_<value>] was used to populate the object, check to make sure this command returns at least one valid object.
WARNING: [Vivado 12-584] No ports matched 'led[3]'. [/home/shmilybelon/Desktop/digital_logic/exp3_4/sd3_1_B/sd3_1_B.srcs/constrs_1/new/sd3_1_B_constr.xdc:79]
CRITICAL WARNING: [Common 17-55] 'set_property' expects at least one object. [/home/shmilybelon/Desktop/digital_logic/exp3_4/sd3_1_B/sd3_1_B.srcs/constrs_1/new/sd3_1_B_constr.xdc:79]
Resolution: If [get_<value>] was used to populate the object, check to make sure this command returns at least one valid object.
WARNING: [Vivado 12-584] No ports matched 'led[4]'. [/home/shmilybelon/Desktop/digital_logic/exp3_4/sd3_1_B/sd3_1_B.srcs/constrs_1/new/sd3_1_B_constr.xdc:81]
CRITICAL WARNING: [Common 17-55] 'set_property' expects at least one object. [/home/shmilybelon/Desktop/digital_logic/exp3_4/sd3_1_B/sd3_1_B.srcs/constrs_1/new/sd3_1_B_constr.xdc:81]
Resolution: If [get_<value>] was used to populate the object, check to make sure this command returns at least one valid object.
WARNING: [Vivado 12-584] No ports matched 'led[4]'. [/home/shmilybelon/Desktop/digital_logic/exp3_4/sd3_1_B/sd3_1_B.srcs/constrs_1/new/sd3_1_B_constr.xdc:82]
CRITICAL WARNING: [Common 17-55] 'set_property' expects at least one object. [/home/shmilybelon/Desktop/digital_logic/exp3_4/sd3_1_B/sd3_1_B.srcs/constrs_1/new/sd3_1_B_constr.xdc:82]
Resolution: If [get_<value>] was used to populate the object, check to make sure this command returns at least one valid object.
WARNING: [Vivado 12-584] No ports matched 'led[5]'. [/home/shmilybelon/Desktop/digital_logic/exp3_4/sd3_1_B/sd3_1_B.srcs/constrs_1/new/sd3_1_B_constr.xdc:84]
CRITICAL WARNING: [Common 17-55] 'set_property' expects at least one object. [/home/shmilybelon/Desktop/digital_logic/exp3_4/sd3_1_B/sd3_1_B.srcs/constrs_1/new/sd3_1_B_constr.xdc:84]
Resolution: If [get_<value>] was used to populate the object, check to make sure this command returns at least one valid object.
WARNING: [Vivado 12-584] No ports matched 'led[5]'. [/home/shmilybelon/Desktop/digital_logic/exp3_4/sd3_1_B/sd3_1_B.srcs/constrs_1/new/sd3_1_B_constr.xdc:85]
CRITICAL WARNING: [Common 17-55] 'set_property' expects at least one object. [/home/shmilybelon/Desktop/digital_logic/exp3_4/sd3_1_B/sd3_1_B.srcs/constrs_1/new/sd3_1_B_constr.xdc:85]
Resolution: If [get_<value>] was used to populate the object, check to make sure this command returns at least one valid object.
WARNING: [Vivado 12-584] No ports matched 'led[6]'. [/home/shmilybelon/Desktop/digital_logic/exp3_4/sd3_1_B/sd3_1_B.srcs/constrs_1/new/sd3_1_B_constr.xdc:87]
CRITICAL WARNING: [Common 17-55] 'set_property' expects at least one object. [/home/shmilybelon/Desktop/digital_logic/exp3_4/sd3_1_B/sd3_1_B.srcs/constrs_1/new/sd3_1_B_constr.xdc:87]
Resolution: If [get_<value>] was used to populate the object, check to make sure this command returns at least one valid object.
WARNING: [Vivado 12-584] No ports matched 'led[6]'. [/home/shmilybelon/Desktop/digital_logic/exp3_4/sd3_1_B/sd3_1_B.srcs/constrs_1/new/sd3_1_B_constr.xdc:88]
CRITICAL WARNING: [Common 17-55] 'set_property' expects at least one object. [/home/shmilybelon/Desktop/digital_logic/exp3_4/sd3_1_B/sd3_1_B.srcs/constrs_1/new/sd3_1_B_constr.xdc:88]
Resolution: If [get_<value>] was used to populate the object, check to make sure this command returns at least one valid object.
WARNING: [Vivado 12-584] No ports matched 'led[7]'. [/home/shmilybelon/Desktop/digital_logic/exp3_4/sd3_1_B/sd3_1_B.srcs/constrs_1/new/sd3_1_B_constr.xdc:90]
CRITICAL WARNING: [Common 17-55] 'set_property' expects at least one object. [/home/shmilybelon/Desktop/digital_logic/exp3_4/sd3_1_B/sd3_1_B.srcs/constrs_1/new/sd3_1_B_constr.xdc:90]
Resolution: If [get_<value>] was used to populate the object, check to make sure this command returns at least one valid object.
WARNING: [Vivado 12-584] No ports matched 'led[7]'. [/home/shmilybelon/Desktop/digital_logic/exp3_4/sd3_1_B/sd3_1_B.srcs/constrs_1/new/sd3_1_B_constr.xdc:91]
CRITICAL WARNING: [Common 17-55] 'set_property' expects at least one object. [/home/shmilybelon/Desktop/digital_logic/exp3_4/sd3_1_B/sd3_1_B.srcs/constrs_1/new/sd3_1_B_constr.xdc:91]
Resolution: If [get_<value>] was used to populate the object, check to make sure this command returns at least one valid object.
WARNING: [Vivado 12-584] No ports matched 'led[8]'. [/home/shmilybelon/Desktop/digital_logic/exp3_4/sd3_1_B/sd3_1_B.srcs/constrs_1/new/sd3_1_B_constr.xdc:93]
CRITICAL WARNING: [Common 17-55] 'set_property' expects at least one object. [/home/shmilybelon/Desktop/digital_logic/exp3_4/sd3_1_B/sd3_1_B.srcs/constrs_1/new/sd3_1_B_constr.xdc:93]
Resolution: If [get_<value>] was used to populate the object, check to make sure this command returns at least one valid object.
WARNING: [Vivado 12-584] No ports matched 'led[8]'. [/home/shmilybelon/Desktop/digital_logic/exp3_4/sd3_1_B/sd3_1_B.srcs/constrs_1/new/sd3_1_B_constr.xdc:94]
CRITICAL WARNING: [Common 17-55] 'set_property' expects at least one object. [/home/shmilybelon/Desktop/digital_logic/exp3_4/sd3_1_B/sd3_1_B.srcs/constrs_1/new/sd3_1_B_constr.xdc:94]
Resolution: If [get_<value>] was used to populate the object, check to make sure this command returns at least one valid object.
WARNING: [Vivado 12-584] No ports matched 'led[9]'. [/home/shmilybelon/Desktop/digital_logic/exp3_4/sd3_1_B/sd3_1_B.srcs/constrs_1/new/sd3_1_B_constr.xdc:96]
CRITICAL WARNING: [Common 17-55] 'set_property' expects at least one object. [/home/shmilybelon/Desktop/digital_logic/exp3_4/sd3_1_B/sd3_1_B.srcs/constrs_1/new/sd3_1_B_constr.xdc:96]
Resolution: If [get_<value>] was used to populate the object, check to make sure this command returns at least one valid object.
WARNING: [Vivado 12-584] No ports matched 'led[9]'. [/home/shmilybelon/Desktop/digital_logic/exp3_4/sd3_1_B/sd3_1_B.srcs/constrs_1/new/sd3_1_B_constr.xdc:97]
CRITICAL WARNING: [Common 17-55] 'set_property' expects at least one object. [/home/shmilybelon/Desktop/digital_logic/exp3_4/sd3_1_B/sd3_1_B.srcs/constrs_1/new/sd3_1_B_constr.xdc:97]
Resolution: If [get_<value>] was used to populate the object, check to make sure this command returns at least one valid object.
WARNING: [Vivado 12-584] No ports matched 'led[10]'. [/home/shmilybelon/Desktop/digital_logic/exp3_4/sd3_1_B/sd3_1_B.srcs/constrs_1/new/sd3_1_B_constr.xdc:99]
CRITICAL WARNING: [Common 17-55] 'set_property' expects at least one object. [/home/shmilybelon/Desktop/digital_logic/exp3_4/sd3_1_B/sd3_1_B.srcs/constrs_1/new/sd3_1_B_constr.xdc:99]
Resolution: If [get_<value>] was used to populate the object, check to make sure this command returns at least one valid object.
WARNING: [Vivado 12-584] No ports matched 'led[10]'. [/home/shmilybelon/Desktop/digital_logic/exp3_4/sd3_1_B/sd3_1_B.srcs/constrs_1/new/sd3_1_B_constr.xdc:100]
CRITICAL WARNING: [Common 17-55] 'set_property' expects at least one object. [/home/shmilybelon/Desktop/digital_logic/exp3_4/sd3_1_B/sd3_1_B.srcs/constrs_1/new/sd3_1_B_constr.xdc:100]
Resolution: If [get_<value>] was used to populate the object, check to make sure this command returns at least one valid object.
WARNING: [Vivado 12-584] No ports matched 'led[11]'. [/home/shmilybelon/Desktop/digital_logic/exp3_4/sd3_1_B/sd3_1_B.srcs/constrs_1/new/sd3_1_B_constr.xdc:102]
CRITICAL WARNING: [Common 17-55] 'set_property' expects at least one object. [/home/shmilybelon/Desktop/digital_logic/exp3_4/sd3_1_B/sd3_1_B.srcs/constrs_1/new/sd3_1_B_constr.xdc:102]
Resolution: If [get_<value>] was used to populate the object, check to make sure this command returns at least one valid object.
WARNING: [Vivado 12-584] No ports matched 'led[11]'. [/home/shmilybelon/Desktop/digital_logic/exp3_4/sd3_1_B/sd3_1_B.srcs/constrs_1/new/sd3_1_B_constr.xdc:103]
CRITICAL WARNING: [Common 17-55] 'set_property' expects at least one object. [/home/shmilybelon/Desktop/digital_logic/exp3_4/sd3_1_B/sd3_1_B.srcs/constrs_1/new/sd3_1_B_constr.xdc:103]
Resolution: If [get_<value>] was used to populate the object, check to make sure this command returns at least one valid object.
WARNING: [Vivado 12-584] No ports matched 'led[12]'. [/home/shmilybelon/Desktop/digital_logic/exp3_4/sd3_1_B/sd3_1_B.srcs/constrs_1/new/sd3_1_B_constr.xdc:105]
CRITICAL WARNING: [Common 17-55] 'set_property' expects at least one object. [/home/shmilybelon/Desktop/digital_logic/exp3_4/sd3_1_B/sd3_1_B.srcs/constrs_1/new/sd3_1_B_constr.xdc:105]
Resolution: If [get_<value>] was used to populate the object, check to make sure this command returns at least one valid object.
WARNING: [Vivado 12-584] No ports matched 'led[12]'. [/home/shmilybelon/Desktop/digital_logic/exp3_4/sd3_1_B/sd3_1_B.srcs/constrs_1/new/sd3_1_B_constr.xdc:106]
CRITICAL WARNING: [Common 17-55] 'set_property' expects at least one object. [/home/shmilybelon/Desktop/digital_logic/exp3_4/sd3_1_B/sd3_1_B.srcs/constrs_1/new/sd3_1_B_constr.xdc:106]
Resolution: If [get_<value>] was used to populate the object, check to make sure this command returns at least one valid object.
WARNING: [Vivado 12-584] No ports matched 'led[13]'. [/home/shmilybelon/Desktop/digital_logic/exp3_4/sd3_1_B/sd3_1_B.srcs/constrs_1/new/sd3_1_B_constr.xdc:108]
CRITICAL WARNING: [Common 17-55] 'set_property' expects at least one object. [/home/shmilybelon/Desktop/digital_logic/exp3_4/sd3_1_B/sd3_1_B.srcs/constrs_1/new/sd3_1_B_constr.xdc:108]
Resolution: If [get_<value>] was used to populate the object, check to make sure this command returns at least one valid object.
WARNING: [Vivado 12-584] No ports matched 'led[13]'. [/home/shmilybelon/Desktop/digital_logic/exp3_4/sd3_1_B/sd3_1_B.srcs/constrs_1/new/sd3_1_B_constr.xdc:109]
CRITICAL WARNING: [Common 17-55] 'set_property' expects at least one object. [/home/shmilybelon/Desktop/digital_logic/exp3_4/sd3_1_B/sd3_1_B.srcs/constrs_1/new/sd3_1_B_constr.xdc:109]
Resolution: If [get_<value>] was used to populate the object, check to make sure this command returns at least one valid object.
WARNING: [Vivado 12-584] No ports matched 'led[14]'. [/home/shmilybelon/Desktop/digital_logic/exp3_4/sd3_1_B/sd3_1_B.srcs/constrs_1/new/sd3_1_B_constr.xdc:111]
CRITICAL WARNING: [Common 17-55] 'set_property' expects at least one object. [/home/shmilybelon/Desktop/digital_logic/exp3_4/sd3_1_B/sd3_1_B.srcs/constrs_1/new/sd3_1_B_constr.xdc:111]
Resolution: If [get_<value>] was used to populate the object, check to make sure this command returns at least one valid object.
WARNING: [Vivado 12-584] No ports matched 'led[14]'. [/home/shmilybelon/Desktop/digital_logic/exp3_4/sd3_1_B/sd3_1_B.srcs/constrs_1/new/sd3_1_B_constr.xdc:112]
CRITICAL WARNING: [Common 17-55] 'set_property' expects at least one object. [/home/shmilybelon/Desktop/digital_logic/exp3_4/sd3_1_B/sd3_1_B.srcs/constrs_1/new/sd3_1_B_constr.xdc:112]
Resolution: If [get_<value>] was used to populate the object, check to make sure this command returns at least one valid object.
WARNING: [Vivado 12-584] No ports matched 'led[15]'. [/home/shmilybelon/Desktop/digital_logic/exp3_4/sd3_1_B/sd3_1_B.srcs/constrs_1/new/sd3_1_B_constr.xdc:114]
CRITICAL WARNING: [Common 17-55] 'set_property' expects at least one object. [/home/shmilybelon/Desktop/digital_logic/exp3_4/sd3_1_B/sd3_1_B.srcs/constrs_1/new/sd3_1_B_constr.xdc:114]
Resolution: If [get_<value>] was used to populate the object, check to make sure this command returns at least one valid object.
WARNING: [Vivado 12-584] No ports matched 'led[15]'. [/home/shmilybelon/Desktop/digital_logic/exp3_4/sd3_1_B/sd3_1_B.srcs/constrs_1/new/sd3_1_B_constr.xdc:115]
CRITICAL WARNING: [Common 17-55] 'set_property' expects at least one object. [/home/shmilybelon/Desktop/digital_logic/exp3_4/sd3_1_B/sd3_1_B.srcs/constrs_1/new/sd3_1_B_constr.xdc:115]
Resolution: If [get_<value>] was used to populate the object, check to make sure this command returns at least one valid object.
WARNING: [Vivado 12-584] No ports matched 'RGB1_Red'. [/home/shmilybelon/Desktop/digital_logic/exp3_4/sd3_1_B/sd3_1_B.srcs/constrs_1/new/sd3_1_B_constr.xdc:118]
CRITICAL WARNING: [Common 17-55] 'set_property' expects at least one object. [/home/shmilybelon/Desktop/digital_logic/exp3_4/sd3_1_B/sd3_1_B.srcs/constrs_1/new/sd3_1_B_constr.xdc:118]
Resolution: If [get_<value>] was used to populate the object, check to make sure this command returns at least one valid object.
WARNING: [Vivado 12-584] No ports matched 'RGB1_Red'. [/home/shmilybelon/Desktop/digital_logic/exp3_4/sd3_1_B/sd3_1_B.srcs/constrs_1/new/sd3_1_B_constr.xdc:119]
CRITICAL WARNING: [Common 17-55] 'set_property' expects at least one object. [/home/shmilybelon/Desktop/digital_logic/exp3_4/sd3_1_B/sd3_1_B.srcs/constrs_1/new/sd3_1_B_constr.xdc:119]
Resolution: If [get_<value>] was used to populate the object, check to make sure this command returns at least one valid object.
WARNING: [Vivado 12-584] No ports matched 'RGB1_Green'. [/home/shmilybelon/Desktop/digital_logic/exp3_4/sd3_1_B/sd3_1_B.srcs/constrs_1/new/sd3_1_B_constr.xdc:121]
CRITICAL WARNING: [Common 17-55] 'set_property' expects at least one object. [/home/shmilybelon/Desktop/digital_logic/exp3_4/sd3_1_B/sd3_1_B.srcs/constrs_1/new/sd3_1_B_constr.xdc:121]
Resolution: If [get_<value>] was used to populate the object, check to make sure this command returns at least one valid object.
WARNING: [Vivado 12-584] No ports matched 'RGB1_Green'. [/home/shmilybelon/Desktop/digital_logic/exp3_4/sd3_1_B/sd3_1_B.srcs/constrs_1/new/sd3_1_B_constr.xdc:122]
CRITICAL WARNING: [Common 17-55] 'set_property' expects at least one object. [/home/shmilybelon/Desktop/digital_logic/exp3_4/sd3_1_B/sd3_1_B.srcs/constrs_1/new/sd3_1_B_constr.xdc:122]
Resolution: If [get_<value>] was used to populate the object, check to make sure this command returns at least one valid object.
WARNING: [Vivado 12-584] No ports matched 'RGB1_Blue'. [/home/shmilybelon/Desktop/digital_logic/exp3_4/sd3_1_B/sd3_1_B.srcs/constrs_1/new/sd3_1_B_constr.xdc:124]
CRITICAL WARNING: [Common 17-55] 'set_property' expects at least one object. [/home/shmilybelon/Desktop/digital_logic/exp3_4/sd3_1_B/sd3_1_B.srcs/constrs_1/new/sd3_1_B_constr.xdc:124]
Resolution: If [get_<value>] was used to populate the object, check to make sure this command returns at least one valid object.
WARNING: [Vivado 12-584] No ports matched 'RGB1_Blue'. [/home/shmilybelon/Desktop/digital_logic/exp3_4/sd3_1_B/sd3_1_B.srcs/constrs_1/new/sd3_1_B_constr.xdc:125]
CRITICAL WARNING: [Common 17-55] 'set_property' expects at least one object. [/home/shmilybelon/Desktop/digital_logic/exp3_4/sd3_1_B/sd3_1_B.srcs/constrs_1/new/sd3_1_B_constr.xdc:125]
Resolution: If [get_<value>] was used to populate the object, check to make sure this command returns at least one valid object.
WARNING: [Vivado 12-584] No ports matched 'RGB2_Red'. [/home/shmilybelon/Desktop/digital_logic/exp3_4/sd3_1_B/sd3_1_B.srcs/constrs_1/new/sd3_1_B_constr.xdc:127]
CRITICAL WARNING: [Common 17-55] 'set_property' expects at least one object. [/home/shmilybelon/Desktop/digital_logic/exp3_4/sd3_1_B/sd3_1_B.srcs/constrs_1/new/sd3_1_B_constr.xdc:127]
Resolution: If [get_<value>] was used to populate the object, check to make sure this command returns at least one valid object.
WARNING: [Vivado 12-584] No ports matched 'RGB2_Red'. [/home/shmilybelon/Desktop/digital_logic/exp3_4/sd3_1_B/sd3_1_B.srcs/constrs_1/new/sd3_1_B_constr.xdc:128]
CRITICAL WARNING: [Common 17-55] 'set_property' expects at least one object. [/home/shmilybelon/Desktop/digital_logic/exp3_4/sd3_1_B/sd3_1_B.srcs/constrs_1/new/sd3_1_B_constr.xdc:128]
Resolution: If [get_<value>] was used to populate the object, check to make sure this command returns at least one valid object.
WARNING: [Vivado 12-584] No ports matched 'RGB2_Green'. [/home/shmilybelon/Desktop/digital_logic/exp3_4/sd3_1_B/sd3_1_B.srcs/constrs_1/new/sd3_1_B_constr.xdc:130]
CRITICAL WARNING: [Common 17-55] 'set_property' expects at least one object. [/home/shmilybelon/Desktop/digital_logic/exp3_4/sd3_1_B/sd3_1_B.srcs/constrs_1/new/sd3_1_B_constr.xdc:130]
Resolution: If [get_<value>] was used to populate the object, check to make sure this command returns at least one valid object.
WARNING: [Vivado 12-584] No ports matched 'RGB2_Green'. [/home/shmilybelon/Desktop/digital_logic/exp3_4/sd3_1_B/sd3_1_B.srcs/constrs_1/new/sd3_1_B_constr.xdc:131]
CRITICAL WARNING: [Common 17-55] 'set_property' expects at least one object. [/home/shmilybelon/Desktop/digital_logic/exp3_4/sd3_1_B/sd3_1_B.srcs/constrs_1/new/sd3_1_B_constr.xdc:131]
Resolution: If [get_<value>] was used to populate the object, check to make sure this command returns at least one valid object.
WARNING: [Vivado 12-584] No ports matched 'RGB2_Blue'. [/home/shmilybelon/Desktop/digital_logic/exp3_4/sd3_1_B/sd3_1_B.srcs/constrs_1/new/sd3_1_B_constr.xdc:133]
CRITICAL WARNING: [Common 17-55] 'set_property' expects at least one object. [/home/shmilybelon/Desktop/digital_logic/exp3_4/sd3_1_B/sd3_1_B.srcs/constrs_1/new/sd3_1_B_constr.xdc:133]
Resolution: If [get_<value>] was used to populate the object, check to make sure this command returns at least one valid object.
WARNING: [Vivado 12-584] No ports matched 'RGB2_Blue'. [/home/shmilybelon/Desktop/digital_logic/exp3_4/sd3_1_B/sd3_1_B.srcs/constrs_1/new/sd3_1_B_constr.xdc:134]
CRITICAL WARNING: [Common 17-55] 'set_property' expects at least one object. [/home/shmilybelon/Desktop/digital_logic/exp3_4/sd3_1_B/sd3_1_B.srcs/constrs_1/new/sd3_1_B_constr.xdc:134]
Resolution: If [get_<value>] was used to populate the object, check to make sure this command returns at least one valid object.
WARNING: [Vivado 12-584] No ports matched 'seg[0]'. [/home/shmilybelon/Desktop/digital_logic/exp3_4/sd3_1_B/sd3_1_B.srcs/constrs_1/new/sd3_1_B_constr.xdc:140]
CRITICAL WARNING: [Common 17-55] 'set_property' expects at least one object. [/home/shmilybelon/Desktop/digital_logic/exp3_4/sd3_1_B/sd3_1_B.srcs/constrs_1/new/sd3_1_B_constr.xdc:140]
Resolution: If [get_<value>] was used to populate the object, check to make sure this command returns at least one valid object.
WARNING: [Vivado 12-584] No ports matched 'seg[0]'. [/home/shmilybelon/Desktop/digital_logic/exp3_4/sd3_1_B/sd3_1_B.srcs/constrs_1/new/sd3_1_B_constr.xdc:141]
CRITICAL WARNING: [Common 17-55] 'set_property' expects at least one object. [/home/shmilybelon/Desktop/digital_logic/exp3_4/sd3_1_B/sd3_1_B.srcs/constrs_1/new/sd3_1_B_constr.xdc:141]
Resolution: If [get_<value>] was used to populate the object, check to make sure this command returns at least one valid object.
WARNING: [Vivado 12-584] No ports matched 'seg[1]'. [/home/shmilybelon/Desktop/digital_logic/exp3_4/sd3_1_B/sd3_1_B.srcs/constrs_1/new/sd3_1_B_constr.xdc:143]
CRITICAL WARNING: [Common 17-55] 'set_property' expects at least one object. [/home/shmilybelon/Desktop/digital_logic/exp3_4/sd3_1_B/sd3_1_B.srcs/constrs_1/new/sd3_1_B_constr.xdc:143]
Resolution: If [get_<value>] was used to populate the object, check to make sure this command returns at least one valid object.
WARNING: [Vivado 12-584] No ports matched 'seg[1]'. [/home/shmilybelon/Desktop/digital_logic/exp3_4/sd3_1_B/sd3_1_B.srcs/constrs_1/new/sd3_1_B_constr.xdc:144]
CRITICAL WARNING: [Common 17-55] 'set_property' expects at least one object. [/home/shmilybelon/Desktop/digital_logic/exp3_4/sd3_1_B/sd3_1_B.srcs/constrs_1/new/sd3_1_B_constr.xdc:144]
Resolution: If [get_<value>] was used to populate the object, check to make sure this command returns at least one valid object.
WARNING: [Vivado 12-584] No ports matched 'seg[2]'. [/home/shmilybelon/Desktop/digital_logic/exp3_4/sd3_1_B/sd3_1_B.srcs/constrs_1/new/sd3_1_B_constr.xdc:146]
CRITICAL WARNING: [Common 17-55] 'set_property' expects at least one object. [/home/shmilybelon/Desktop/digital_logic/exp3_4/sd3_1_B/sd3_1_B.srcs/constrs_1/new/sd3_1_B_constr.xdc:146]
Resolution: If [get_<value>] was used to populate the object, check to make sure this command returns at least one valid object.
WARNING: [Vivado 12-584] No ports matched 'seg[2]'. [/home/shmilybelon/Desktop/digital_logic/exp3_4/sd3_1_B/sd3_1_B.srcs/constrs_1/new/sd3_1_B_constr.xdc:147]
CRITICAL WARNING: [Common 17-55] 'set_property' expects at least one object. [/home/shmilybelon/Desktop/digital_logic/exp3_4/sd3_1_B/sd3_1_B.srcs/constrs_1/new/sd3_1_B_constr.xdc:147]
Resolution: If [get_<value>] was used to populate the object, check to make sure this command returns at least one valid object.
WARNING: [Vivado 12-584] No ports matched 'seg[3]'. [/home/shmilybelon/Desktop/digital_logic/exp3_4/sd3_1_B/sd3_1_B.srcs/constrs_1/new/sd3_1_B_constr.xdc:149]
CRITICAL WARNING: [Common 17-55] 'set_property' expects at least one object. [/home/shmilybelon/Desktop/digital_logic/exp3_4/sd3_1_B/sd3_1_B.srcs/constrs_1/new/sd3_1_B_constr.xdc:149]
Resolution: If [get_<value>] was used to populate the object, check to make sure this command returns at least one valid object.
WARNING: [Vivado 12-584] No ports matched 'seg[3]'. [/home/shmilybelon/Desktop/digital_logic/exp3_4/sd3_1_B/sd3_1_B.srcs/constrs_1/new/sd3_1_B_constr.xdc:150]
CRITICAL WARNING: [Common 17-55] 'set_property' expects at least one object. [/home/shmilybelon/Desktop/digital_logic/exp3_4/sd3_1_B/sd3_1_B.srcs/constrs_1/new/sd3_1_B_constr.xdc:150]
Resolution: If [get_<value>] was used to populate the object, check to make sure this command returns at least one valid object.
WARNING: [Vivado 12-584] No ports matched 'seg[4]'. [/home/shmilybelon/Desktop/digital_logic/exp3_4/sd3_1_B/sd3_1_B.srcs/constrs_1/new/sd3_1_B_constr.xdc:152]
CRITICAL WARNING: [Common 17-55] 'set_property' expects at least one object. [/home/shmilybelon/Desktop/digital_logic/exp3_4/sd3_1_B/sd3_1_B.srcs/constrs_1/new/sd3_1_B_constr.xdc:152]
Resolution: If [get_<value>] was used to populate the object, check to make sure this command returns at least one valid object.
WARNING: [Vivado 12-584] No ports matched 'seg[4]'. [/home/shmilybelon/Desktop/digital_logic/exp3_4/sd3_1_B/sd3_1_B.srcs/constrs_1/new/sd3_1_B_constr.xdc:153]
CRITICAL WARNING: [Common 17-55] 'set_property' expects at least one object. [/home/shmilybelon/Desktop/digital_logic/exp3_4/sd3_1_B/sd3_1_B.srcs/constrs_1/new/sd3_1_B_constr.xdc:153]
Resolution: If [get_<value>] was used to populate the object, check to make sure this command returns at least one valid object.
WARNING: [Vivado 12-584] No ports matched 'seg[5]'. [/home/shmilybelon/Desktop/digital_logic/exp3_4/sd3_1_B/sd3_1_B.srcs/constrs_1/new/sd3_1_B_constr.xdc:155]
CRITICAL WARNING: [Common 17-55] 'set_property' expects at least one object. [/home/shmilybelon/Desktop/digital_logic/exp3_4/sd3_1_B/sd3_1_B.srcs/constrs_1/new/sd3_1_B_constr.xdc:155]
Resolution: If [get_<value>] was used to populate the object, check to make sure this command returns at least one valid object.
WARNING: [Vivado 12-584] No ports matched 'seg[5]'. [/home/shmilybelon/Desktop/digital_logic/exp3_4/sd3_1_B/sd3_1_B.srcs/constrs_1/new/sd3_1_B_constr.xdc:156]
CRITICAL WARNING: [Common 17-55] 'set_property' expects at least one object. [/home/shmilybelon/Desktop/digital_logic/exp3_4/sd3_1_B/sd3_1_B.srcs/constrs_1/new/sd3_1_B_constr.xdc:156]
Resolution: If [get_<value>] was used to populate the object, check to make sure this command returns at least one valid object.
WARNING: [Vivado 12-584] No ports matched 'seg[6]'. [/home/shmilybelon/Desktop/digital_logic/exp3_4/sd3_1_B/sd3_1_B.srcs/constrs_1/new/sd3_1_B_constr.xdc:158]
CRITICAL WARNING: [Common 17-55] 'set_property' expects at least one object. [/home/shmilybelon/Desktop/digital_logic/exp3_4/sd3_1_B/sd3_1_B.srcs/constrs_1/new/sd3_1_B_constr.xdc:158]
Resolution: If [get_<value>] was used to populate the object, check to make sure this command returns at least one valid object.
WARNING: [Vivado 12-584] No ports matched 'seg[6]'. [/home/shmilybelon/Desktop/digital_logic/exp3_4/sd3_1_B/sd3_1_B.srcs/constrs_1/new/sd3_1_B_constr.xdc:159]
CRITICAL WARNING: [Common 17-55] 'set_property' expects at least one object. [/home/shmilybelon/Desktop/digital_logic/exp3_4/sd3_1_B/sd3_1_B.srcs/constrs_1/new/sd3_1_B_constr.xdc:159]
Resolution: If [get_<value>] was used to populate the object, check to make sure this command returns at least one valid object.
WARNING: [Vivado 12-584] No ports matched 'seg[7]'. [/home/shmilybelon/Desktop/digital_logic/exp3_4/sd3_1_B/sd3_1_B.srcs/constrs_1/new/sd3_1_B_constr.xdc:162]
CRITICAL WARNING: [Common 17-55] 'set_property' expects at least one object. [/home/shmilybelon/Desktop/digital_logic/exp3_4/sd3_1_B/sd3_1_B.srcs/constrs_1/new/sd3_1_B_constr.xdc:162]
Resolution: If [get_<value>] was used to populate the object, check to make sure this command returns at least one valid object.
WARNING: [Vivado 12-584] No ports matched 'seg[7]'. [/home/shmilybelon/Desktop/digital_logic/exp3_4/sd3_1_B/sd3_1_B.srcs/constrs_1/new/sd3_1_B_constr.xdc:163]
CRITICAL WARNING: [Common 17-55] 'set_property' expects at least one object. [/home/shmilybelon/Desktop/digital_logic/exp3_4/sd3_1_B/sd3_1_B.srcs/constrs_1/new/sd3_1_B_constr.xdc:163]
Resolution: If [get_<value>] was used to populate the object, check to make sure this command returns at least one valid object.
WARNING: [Vivado 12-584] No ports matched 'an[0]'. [/home/shmilybelon/Desktop/digital_logic/exp3_4/sd3_1_B/sd3_1_B.srcs/constrs_1/new/sd3_1_B_constr.xdc:166]
CRITICAL WARNING: [Common 17-55] 'set_property' expects at least one object. [/home/shmilybelon/Desktop/digital_logic/exp3_4/sd3_1_B/sd3_1_B.srcs/constrs_1/new/sd3_1_B_constr.xdc:166]
Resolution: If [get_<value>] was used to populate the object, check to make sure this command returns at least one valid object.
WARNING: [Vivado 12-584] No ports matched 'an[0]'. [/home/shmilybelon/Desktop/digital_logic/exp3_4/sd3_1_B/sd3_1_B.srcs/constrs_1/new/sd3_1_B_constr.xdc:167]
CRITICAL WARNING: [Common 17-55] 'set_property' expects at least one object. [/home/shmilybelon/Desktop/digital_logic/exp3_4/sd3_1_B/sd3_1_B.srcs/constrs_1/new/sd3_1_B_constr.xdc:167]
Resolution: If [get_<value>] was used to populate the object, check to make sure this command returns at least one valid object.
WARNING: [Vivado 12-584] No ports matched 'an[1]'. [/home/shmilybelon/Desktop/digital_logic/exp3_4/sd3_1_B/sd3_1_B.srcs/constrs_1/new/sd3_1_B_constr.xdc:169]
CRITICAL WARNING: [Common 17-55] 'set_property' expects at least one object. [/home/shmilybelon/Desktop/digital_logic/exp3_4/sd3_1_B/sd3_1_B.srcs/constrs_1/new/sd3_1_B_constr.xdc:169]
Resolution: If [get_<value>] was used to populate the object, check to make sure this command returns at least one valid object.
WARNING: [Vivado 12-584] No ports matched 'an[1]'. [/home/shmilybelon/Desktop/digital_logic/exp3_4/sd3_1_B/sd3_1_B.srcs/constrs_1/new/sd3_1_B_constr.xdc:170]
CRITICAL WARNING: [Common 17-55] 'set_property' expects at least one object. [/home/shmilybelon/Desktop/digital_logic/exp3_4/sd3_1_B/sd3_1_B.srcs/constrs_1/new/sd3_1_B_constr.xdc:170]
Resolution: If [get_<value>] was used to populate the object, check to make sure this command returns at least one valid object.
WARNING: [Vivado 12-584] No ports matched 'an[2]'. [/home/shmilybelon/Desktop/digital_logic/exp3_4/sd3_1_B/sd3_1_B.srcs/constrs_1/new/sd3_1_B_constr.xdc:172]
CRITICAL WARNING: [Common 17-55] 'set_property' expects at least one object. [/home/shmilybelon/Desktop/digital_logic/exp3_4/sd3_1_B/sd3_1_B.srcs/constrs_1/new/sd3_1_B_constr.xdc:172]
Resolution: If [get_<value>] was used to populate the object, check to make sure this command returns at least one valid object.
WARNING: [Vivado 12-584] No ports matched 'an[2]'. [/home/shmilybelon/Desktop/digital_logic/exp3_4/sd3_1_B/sd3_1_B.srcs/constrs_1/new/sd3_1_B_constr.xdc:173]
CRITICAL WARNING: [Common 17-55] 'set_property' expects at least one object. [/home/shmilybelon/Desktop/digital_logic/exp3_4/sd3_1_B/sd3_1_B.srcs/constrs_1/new/sd3_1_B_constr.xdc:173]
Resolution: If [get_<value>] was used to populate the object, check to make sure this command returns at least one valid object.
WARNING: [Vivado 12-584] No ports matched 'an[3]'. [/home/shmilybelon/Desktop/digital_logic/exp3_4/sd3_1_B/sd3_1_B.srcs/constrs_1/new/sd3_1_B_constr.xdc:175]
CRITICAL WARNING: [Common 17-55] 'set_property' expects at least one object. [/home/shmilybelon/Desktop/digital_logic/exp3_4/sd3_1_B/sd3_1_B.srcs/constrs_1/new/sd3_1_B_constr.xdc:175]
Resolution: If [get_<value>] was used to populate the object, check to make sure this command returns at least one valid object.
WARNING: [Vivado 12-584] No ports matched 'an[3]'. [/home/shmilybelon/Desktop/digital_logic/exp3_4/sd3_1_B/sd3_1_B.srcs/constrs_1/new/sd3_1_B_constr.xdc:176]
CRITICAL WARNING: [Common 17-55] 'set_property' expects at least one object. [/home/shmilybelon/Desktop/digital_logic/exp3_4/sd3_1_B/sd3_1_B.srcs/constrs_1/new/sd3_1_B_constr.xdc:176]
Resolution: If [get_<value>] was used to populate the object, check to make sure this command returns at least one valid object.
WARNING: [Vivado 12-584] No ports matched 'an[4]'. [/home/shmilybelon/Desktop/digital_logic/exp3_4/sd3_1_B/sd3_1_B.srcs/constrs_1/new/sd3_1_B_constr.xdc:178]
CRITICAL WARNING: [Common 17-55] 'set_property' expects at least one object. [/home/shmilybelon/Desktop/digital_logic/exp3_4/sd3_1_B/sd3_1_B.srcs/constrs_1/new/sd3_1_B_constr.xdc:178]
Resolution: If [get_<value>] was used to populate the object, check to make sure this command returns at least one valid object.
WARNING: [Vivado 12-584] No ports matched 'an[4]'. [/home/shmilybelon/Desktop/digital_logic/exp3_4/sd3_1_B/sd3_1_B.srcs/constrs_1/new/sd3_1_B_constr.xdc:179]
CRITICAL WARNING: [Common 17-55] 'set_property' expects at least one object. [/home/shmilybelon/Desktop/digital_logic/exp3_4/sd3_1_B/sd3_1_B.srcs/constrs_1/new/sd3_1_B_constr.xdc:179]
Resolution: If [get_<value>] was used to populate the object, check to make sure this command returns at least one valid object.
WARNING: [Vivado 12-584] No ports matched 'an[5]'. [/home/shmilybelon/Desktop/digital_logic/exp3_4/sd3_1_B/sd3_1_B.srcs/constrs_1/new/sd3_1_B_constr.xdc:181]
CRITICAL WARNING: [Common 17-55] 'set_property' expects at least one object. [/home/shmilybelon/Desktop/digital_logic/exp3_4/sd3_1_B/sd3_1_B.srcs/constrs_1/new/sd3_1_B_constr.xdc:181]
Resolution: If [get_<value>] was used to populate the object, check to make sure this command returns at least one valid object.
WARNING: [Vivado 12-584] No ports matched 'an[5]'. [/home/shmilybelon/Desktop/digital_logic/exp3_4/sd3_1_B/sd3_1_B.srcs/constrs_1/new/sd3_1_B_constr.xdc:182]
INFO: [Common 17-14] Message 'Vivado 12-584' appears 100 times and further instances of the messages will be disabled. Use the Tcl command set_msg_config to change the current settings. [/home/shmilybelon/Desktop/digital_logic/exp3_4/sd3_1_B/sd3_1_B.srcs/constrs_1/new/sd3_1_B_constr.xdc:182]
CRITICAL WARNING: [Common 17-55] 'set_property' expects at least one object. [/home/shmilybelon/Desktop/digital_logic/exp3_4/sd3_1_B/sd3_1_B.srcs/constrs_1/new/sd3_1_B_constr.xdc:182]
Resolution: If [get_<value>] was used to populate the object, check to make sure this command returns at least one valid object.
Finished Parsing XDC File [/home/shmilybelon/Desktop/digital_logic/exp3_4/sd3_1_B/sd3_1_B.srcs/constrs_1/new/sd3_1_B_constr.xdc]
INFO: [Project 1-236] Implementation specific constraints were found while reading constraint file [/home/shmilybelon/Desktop/digital_logic/exp3_4/sd3_1_B/sd3_1_B.srcs/constrs_1/new/sd3_1_B_constr.xdc]. These constraints will be ignored for synthesis but will be used in implementation. Impacted constraints are listed in the file [.Xil/sd3_1_B_propImpl.xdc].
Resolution: To avoid this warning, move constraints listed in [.Xil/sd3_1_B_propImpl.xdc] to another XDC file and exclude this new file from synthesis with the used_in_synthesis property (File Properties dialog in GUI) and re-run elaboration/synthesis.
Completed Processing XDC Constraints

INFO: [Project 1-111] Unisim Transformation Summary:
No Unisim elements were transformed.

Constraint Validation Runtime : Time (s): cpu = 00:00:00 ; elapsed = 00:00:00 . Memory (MB): peak = 1564.934 ; gain = 0.000 ; free physical = 127 ; free virtual = 5984
---------------------------------------------------------------------------------
Finished Constraint Validation : Time (s): cpu = 00:00:32 ; elapsed = 00:00:45 . Memory (MB): peak = 1564.934 ; gain = 388.199 ; free physical = 202 ; free virtual = 6059
---------------------------------------------------------------------------------
---------------------------------------------------------------------------------
Start Loading Part and Timing Information
---------------------------------------------------------------------------------
Loading part: xc7a100tcsg324-1
---------------------------------------------------------------------------------
Finished Loading Part and Timing Information : Time (s): cpu = 00:00:32 ; elapsed = 00:00:45 . Memory (MB): peak = 1564.934 ; gain = 388.199 ; free physical = 202 ; free virtual = 6059
---------------------------------------------------------------------------------
---------------------------------------------------------------------------------
Start Applying 'set_property' XDC Constraints
---------------------------------------------------------------------------------
---------------------------------------------------------------------------------
Finished applying 'set_property' XDC Constraints : Time (s): cpu = 00:00:32 ; elapsed = 00:00:45 . Memory (MB): peak = 1564.934 ; gain = 388.199 ; free physical = 204 ; free virtual = 6061
---------------------------------------------------------------------------------
---------------------------------------------------------------------------------
Finished RTL Optimization Phase 2 : Time (s): cpu = 00:00:33 ; elapsed = 00:00:45 . Memory (MB): peak = 1564.934 ; gain = 388.199 ; free physical = 194 ; free virtual = 6051
---------------------------------------------------------------------------------

Report RTL Partitions: 
+-+--------------+------------+----------+
| |RTL Partition |Replication |Instances |
+-+--------------+------------+----------+
+-+--------------+------------+----------+
---------------------------------------------------------------------------------
Start RTL Component Statistics 
---------------------------------------------------------------------------------
Detailed RTL Component Info : 
+---XORs : 
	   2 Input      1 Bit         XORs := 1     
+---Registers : 
	                1 Bit    Registers := 2     
---------------------------------------------------------------------------------
Finished RTL Component Statistics 
---------------------------------------------------------------------------------
---------------------------------------------------------------------------------
Start RTL Hierarchical Component Statistics 
---------------------------------------------------------------------------------
Hierarchical RTL Component report 
Module sd3_1_B 
Detailed RTL Component Info : 
+---XORs : 
	   2 Input      1 Bit         XORs := 1     
Module T1 
Detailed RTL Component Info : 
+---Registers : 
	                1 Bit    Registers := 1     
---------------------------------------------------------------------------------
Finished RTL Hierarchical Component Statistics
---------------------------------------------------------------------------------
---------------------------------------------------------------------------------
Start Part Resource Summary
---------------------------------------------------------------------------------
Part Resources:
DSPs: 240 (col length:80)
BRAMs: 270 (col length: RAMB18 80 RAMB36 40)
---------------------------------------------------------------------------------
Finished Part Resource Summary
---------------------------------------------------------------------------------
---------------------------------------------------------------------------------
Start Cross Boundary and Area Optimization
---------------------------------------------------------------------------------
---------------------------------------------------------------------------------
Finished Cross Boundary and Area Optimization : Time (s): cpu = 00:00:33 ; elapsed = 00:00:45 . Memory (MB): peak = 1564.934 ; gain = 388.199 ; free physical = 184 ; free virtual = 6041
---------------------------------------------------------------------------------

Report RTL Partitions: 
+-+--------------+------------+----------+
| |RTL Partition |Replication |Instances |
+-+--------------+------------+----------+
+-+--------------+------------+----------+
---------------------------------------------------------------------------------
Start Applying XDC Timing Constraints
---------------------------------------------------------------------------------
---------------------------------------------------------------------------------
Finished Applying XDC Timing Constraints : Time (s): cpu = 00:00:41 ; elapsed = 00:00:56 . Memory (MB): peak = 1599.934 ; gain = 423.199 ; free physical = 137 ; free virtual = 5917
---------------------------------------------------------------------------------
---------------------------------------------------------------------------------
Start Timing Optimization
---------------------------------------------------------------------------------
---------------------------------------------------------------------------------
Finished Timing Optimization : Time (s): cpu = 00:00:41 ; elapsed = 00:00:56 . Memory (MB): peak = 1608.949 ; gain = 432.215 ; free physical = 136 ; free virtual = 5916
---------------------------------------------------------------------------------

Report RTL Partitions: 
+-+--------------+------------+----------+
| |RTL Partition |Replication |Instances |
+-+--------------+------------+----------+
+-+--------------+------------+----------+
---------------------------------------------------------------------------------
Start Technology Mapping
---------------------------------------------------------------------------------
---------------------------------------------------------------------------------
Finished Technology Mapping : Time (s): cpu = 00:00:41 ; elapsed = 00:00:56 . Memory (MB): peak = 1618.965 ; gain = 442.230 ; free physical = 137 ; free virtual = 5916
---------------------------------------------------------------------------------

Report RTL Partitions: 
+-+--------------+------------+----------+
| |RTL Partition |Replication |Instances |
+-+--------------+------------+----------+
+-+--------------+------------+----------+
---------------------------------------------------------------------------------
Start IO Insertion
---------------------------------------------------------------------------------
---------------------------------------------------------------------------------
Start Flattening Before IO Insertion
---------------------------------------------------------------------------------
---------------------------------------------------------------------------------
Finished Flattening Before IO Insertion
---------------------------------------------------------------------------------
---------------------------------------------------------------------------------
Start Final Netlist Cleanup
---------------------------------------------------------------------------------
---------------------------------------------------------------------------------
Finished Final Netlist Cleanup
---------------------------------------------------------------------------------
---------------------------------------------------------------------------------
Finished IO Insertion : Time (s): cpu = 00:00:42 ; elapsed = 00:00:57 . Memory (MB): peak = 1618.965 ; gain = 442.230 ; free physical = 137 ; free virtual = 5916
---------------------------------------------------------------------------------

Report Check Netlist: 
+------+------------------+-------+---------+-------+------------------+
|      |Item              |Errors |Warnings |Status |Description       |
+------+------------------+-------+---------+-------+------------------+
|1     |multi_driven_nets |      0|        0|Passed |Multi driven nets |
+------+------------------+-------+---------+-------+------------------+
---------------------------------------------------------------------------------
Start Renaming Generated Instances
---------------------------------------------------------------------------------
---------------------------------------------------------------------------------
Finished Renaming Generated Instances : Time (s): cpu = 00:00:42 ; elapsed = 00:00:57 . Memory (MB): peak = 1618.965 ; gain = 442.230 ; free physical = 137 ; free virtual = 5916
---------------------------------------------------------------------------------

Report RTL Partitions: 
+-+--------------+------------+----------+
| |RTL Partition |Replication |Instances |
+-+--------------+------------+----------+
+-+--------------+------------+----------+
---------------------------------------------------------------------------------
Start Rebuilding User Hierarchy
---------------------------------------------------------------------------------
---------------------------------------------------------------------------------
Finished Rebuilding User Hierarchy : Time (s): cpu = 00:00:42 ; elapsed = 00:00:57 . Memory (MB): peak = 1618.965 ; gain = 442.230 ; free physical = 137 ; free virtual = 5916
---------------------------------------------------------------------------------
---------------------------------------------------------------------------------
Start Renaming Generated Ports
---------------------------------------------------------------------------------
---------------------------------------------------------------------------------
Finished Renaming Generated Ports : Time (s): cpu = 00:00:42 ; elapsed = 00:00:57 . Memory (MB): peak = 1618.965 ; gain = 442.230 ; free physical = 137 ; free virtual = 5916
---------------------------------------------------------------------------------
---------------------------------------------------------------------------------
Start Handling Custom Attributes
---------------------------------------------------------------------------------
---------------------------------------------------------------------------------
Finished Handling Custom Attributes : Time (s): cpu = 00:00:42 ; elapsed = 00:00:57 . Memory (MB): peak = 1618.965 ; gain = 442.230 ; free physical = 137 ; free virtual = 5916
---------------------------------------------------------------------------------
---------------------------------------------------------------------------------
Start Renaming Generated Nets
---------------------------------------------------------------------------------
---------------------------------------------------------------------------------
Finished Renaming Generated Nets : Time (s): cpu = 00:00:42 ; elapsed = 00:00:57 . Memory (MB): peak = 1618.965 ; gain = 442.230 ; free physical = 137 ; free virtual = 5916
---------------------------------------------------------------------------------
---------------------------------------------------------------------------------
Start Writing Synthesis Report
---------------------------------------------------------------------------------

Report BlackBoxes: 
+-+--------------+----------+
| |BlackBox name |Instances |
+-+--------------+----------+
+-+--------------+----------+

Report Cell Usage: 
+------+-----+------+
|      |Cell |Count |
+------+-----+------+
|1     |BUFG |     1|
|2     |LUT1 |     1|
|3     |LUT2 |     1|
|4     |LUT3 |     1|
|5     |FDRE |     2|
|6     |IBUF |     2|
|7     |OBUF |     1|
+------+-----+------+

Report Instance Areas: 
+------+-------------+-------+------+
|      |Instance     |Module |Cells |
+------+-------------+-------+------+
|1     |top          |       |     9|
|2     |  T_trigger1 |T1     |     3|
|3     |  T_trigger2 |T1_0   |     2|
+------+-------------+-------+------+
---------------------------------------------------------------------------------
Finished Writing Synthesis Report : Time (s): cpu = 00:00:42 ; elapsed = 00:00:57 . Memory (MB): peak = 1618.965 ; gain = 442.230 ; free physical = 137 ; free virtual = 5916
---------------------------------------------------------------------------------
Synthesis finished with 0 errors, 0 critical warnings and 0 warnings.
Synthesis Optimization Runtime : Time (s): cpu = 00:00:32 ; elapsed = 00:00:36 . Memory (MB): peak = 1618.965 ; gain = 169.559 ; free physical = 190 ; free virtual = 5969
Synthesis Optimization Complete : Time (s): cpu = 00:00:42 ; elapsed = 00:00:57 . Memory (MB): peak = 1618.973 ; gain = 442.230 ; free physical = 190 ; free virtual = 5969
INFO: [Project 1-571] Translating synthesized netlist
INFO: [Netlist 29-17] Analyzing 2 Unisim elements for replacement
INFO: [Netlist 29-28] Unisim Transformation completed in 0 CPU seconds
INFO: [Project 1-570] Preparing netlist for logic optimization
INFO: [Opt 31-138] Pushed 0 inverter(s) to 0 load pin(s).
INFO: [Project 1-111] Unisim Transformation Summary:
No Unisim elements were transformed.

INFO: [Common 17-83] Releasing license: Synthesis
17 Infos, 100 Warnings, 101 Critical Warnings and 0 Errors encountered.
synth_design completed successfully
synth_design: Time (s): cpu = 00:00:45 ; elapsed = 00:00:59 . Memory (MB): peak = 1618.973 ; gain = 455.613 ; free physical = 182 ; free virtual = 5962
INFO: [Common 17-1381] The checkpoint '/home/shmilybelon/Desktop/digital_logic/exp3_4/sd3_1_B/sd3_1_B.runs/synth_1/sd3_1_B.dcp' has been generated.
INFO: [runtcl-4] Executing : report_utilization -file sd3_1_B_utilization_synth.rpt -pb sd3_1_B_utilization_synth.pb
report_utilization: Time (s): cpu = 00:00:00.07 ; elapsed = 00:00:00.10 . Memory (MB): peak = 1642.977 ; gain = 0.000 ; free physical = 182 ; free virtual = 5962
INFO: [Common 17-206] Exiting Vivado at Thu Jun  7 13:11:03 2018...
